2023-01-17 17:07:15,826 - INFO: Config loaded!
2023-01-17 17:07:15,826 - INFO: Reading books from DB...
2023-01-17 17:07:15,877 - DEBUG: # _do_auth(): self._auth_plugin: 
2023-01-17 17:07:15,877 - INFO: package: mysql.connector.plugins
2023-01-17 17:07:15,877 - INFO: plugin_name: caching_sha2_password
2023-01-17 17:07:15,878 - INFO: AUTHENTICATION_PLUGIN_CLASS: MySQLCachingSHA2PasswordAuthPlugin
2023-01-17 17:07:15,879 - DEBUG: new_auth_plugin: caching_sha2_password
2023-01-17 17:08:24,197 - INFO: Config loaded!
2023-01-17 17:08:24,197 - INFO: Reading books from DB...
2023-01-17 17:08:24,229 - DEBUG: # _do_auth(): self._auth_plugin: 
2023-01-17 17:08:24,230 - INFO: package: mysql.connector.plugins
2023-01-17 17:08:24,230 - INFO: plugin_name: caching_sha2_password
2023-01-17 17:08:24,231 - INFO: AUTHENTICATION_PLUGIN_CLASS: MySQLCachingSHA2PasswordAuthPlugin
2023-01-17 17:08:24,231 - DEBUG: new_auth_plugin: caching_sha2_password
2023-01-17 17:09:11,436 - INFO: Config loaded!
2023-01-17 17:09:11,436 - INFO: Reading books from DB...
2023-01-17 17:09:11,469 - DEBUG: # _do_auth(): self._auth_plugin: 
2023-01-17 17:09:11,469 - INFO: package: mysql.connector.plugins
2023-01-17 17:09:11,469 - INFO: plugin_name: caching_sha2_password
2023-01-17 17:09:11,470 - INFO: AUTHENTICATION_PLUGIN_CLASS: MySQLCachingSHA2PasswordAuthPlugin
2023-01-17 17:09:11,471 - DEBUG: new_auth_plugin: caching_sha2_password
2023-01-17 17:09:11,484 - DEBUG: 2 books read.
2023-01-17 17:09:11,484 - INFO: Reading book stores for books...
2023-01-17 17:09:11,505 - DEBUG: # _do_auth(): self._auth_plugin: 
2023-01-17 17:09:11,506 - DEBUG: new_auth_plugin: caching_sha2_password
2023-01-17 17:12:07,274 - INFO: Config loaded!
2023-01-17 17:12:07,275 - INFO: Reading books from DB...
2023-01-17 17:12:07,323 - DEBUG: # _do_auth(): self._auth_plugin: 
2023-01-17 17:12:07,323 - INFO: package: mysql.connector.plugins
2023-01-17 17:12:07,323 - INFO: plugin_name: caching_sha2_password
2023-01-17 17:12:07,324 - INFO: AUTHENTICATION_PLUGIN_CLASS: MySQLCachingSHA2PasswordAuthPlugin
2023-01-17 17:12:07,324 - DEBUG: new_auth_plugin: caching_sha2_password
2023-01-17 17:12:07,338 - DEBUG: 2 books read.
2023-01-17 17:12:07,338 - INFO: Reading book stores for books...
2023-01-17 17:12:07,358 - DEBUG: # _do_auth(): self._auth_plugin: 
2023-01-17 17:12:07,358 - DEBUG: new_auth_plugin: caching_sha2_password
2023-01-17 17:14:48,371 - INFO: Config loaded!
2023-01-17 17:14:48,371 - INFO: Reading books from DB...
2023-01-17 17:14:48,404 - DEBUG: # _do_auth(): self._auth_plugin: 
2023-01-17 17:14:48,404 - INFO: package: mysql.connector.plugins
2023-01-17 17:14:48,404 - INFO: plugin_name: caching_sha2_password
2023-01-17 17:14:48,405 - INFO: AUTHENTICATION_PLUGIN_CLASS: MySQLCachingSHA2PasswordAuthPlugin
2023-01-17 17:14:48,406 - DEBUG: new_auth_plugin: caching_sha2_password
2023-01-17 17:14:48,421 - DEBUG: 2 books read.
2023-01-17 17:14:48,421 - INFO: Reading book stores for books...
2023-01-17 17:14:48,443 - DEBUG: # _do_auth(): self._auth_plugin: 
2023-01-17 17:14:48,443 - DEBUG: new_auth_plugin: caching_sha2_password
2023-01-17 17:16:35,288 - INFO: Config loaded!
2023-01-17 17:16:35,289 - INFO: Reading books from DB...
2023-01-17 17:16:35,338 - DEBUG: # _do_auth(): self._auth_plugin: 
2023-01-17 17:16:35,339 - INFO: package: mysql.connector.plugins
2023-01-17 17:16:35,339 - INFO: plugin_name: caching_sha2_password
2023-01-17 17:16:35,340 - INFO: AUTHENTICATION_PLUGIN_CLASS: MySQLCachingSHA2PasswordAuthPlugin
2023-01-17 17:16:35,340 - DEBUG: new_auth_plugin: caching_sha2_password
2023-01-17 17:16:35,360 - DEBUG: 2 books read.
2023-01-17 17:16:35,361 - INFO: Reading book stores for books...
2023-01-17 17:16:35,382 - DEBUG: # _do_auth(): self._auth_plugin: 
2023-01-17 17:16:35,383 - DEBUG: new_auth_plugin: caching_sha2_password
2023-01-17 17:17:44,458 - INFO: Config loaded!
2023-01-17 17:17:44,458 - INFO: Reading books from DB...
2023-01-17 17:17:44,494 - DEBUG: # _do_auth(): self._auth_plugin: 
2023-01-17 17:17:44,495 - INFO: package: mysql.connector.plugins
2023-01-17 17:17:44,496 - INFO: plugin_name: caching_sha2_password
2023-01-17 17:17:44,499 - INFO: AUTHENTICATION_PLUGIN_CLASS: MySQLCachingSHA2PasswordAuthPlugin
2023-01-17 17:17:44,499 - DEBUG: new_auth_plugin: caching_sha2_password
2023-01-17 17:17:44,512 - DEBUG: 2 books read.
2023-01-17 17:17:44,513 - INFO: Reading book stores for books...
2023-01-17 17:17:44,534 - DEBUG: # _do_auth(): self._auth_plugin: 
2023-01-17 17:17:44,535 - DEBUG: new_auth_plugin: caching_sha2_password
2023-01-17 17:19:10,682 - INFO: Config loaded!
2023-01-17 17:19:10,682 - INFO: Reading books from DB...
2023-01-17 17:19:10,744 - DEBUG: # _do_auth(): self._auth_plugin: 
2023-01-17 17:19:10,745 - INFO: package: mysql.connector.plugins
2023-01-17 17:19:10,745 - INFO: plugin_name: caching_sha2_password
2023-01-17 17:19:10,746 - INFO: AUTHENTICATION_PLUGIN_CLASS: MySQLCachingSHA2PasswordAuthPlugin
2023-01-17 17:19:10,746 - DEBUG: new_auth_plugin: caching_sha2_password
2023-01-17 17:19:10,760 - DEBUG: 2 books read.
2023-01-17 17:19:10,760 - INFO: Reading book stores for books...
2023-01-17 17:19:10,781 - DEBUG: # _do_auth(): self._auth_plugin: 
2023-01-17 17:19:10,781 - DEBUG: new_auth_plugin: caching_sha2_password
2023-01-17 17:20:29,137 - INFO: Config loaded!
2023-01-17 17:20:29,138 - INFO: Reading books from DB...
2023-01-17 17:20:29,189 - DEBUG: # _do_auth(): self._auth_plugin: 
2023-01-17 17:20:29,189 - INFO: package: mysql.connector.plugins
2023-01-17 17:20:29,189 - INFO: plugin_name: caching_sha2_password
2023-01-17 17:20:29,191 - INFO: AUTHENTICATION_PLUGIN_CLASS: MySQLCachingSHA2PasswordAuthPlugin
2023-01-17 17:20:29,191 - DEBUG: new_auth_plugin: caching_sha2_password
2023-01-17 17:20:29,205 - DEBUG: 2 books read.
2023-01-17 17:20:29,205 - INFO: Reading book stores for books...
2023-01-17 17:20:29,226 - DEBUG: # _do_auth(): self._auth_plugin: 
2023-01-17 17:20:29,226 - DEBUG: new_auth_plugin: caching_sha2_password
2023-01-17 17:21:15,964 - INFO: Config loaded!
2023-01-17 17:21:15,964 - INFO: Reading books from DB...
2023-01-17 17:21:15,993 - DEBUG: # _do_auth(): self._auth_plugin: 
2023-01-17 17:21:15,993 - INFO: package: mysql.connector.plugins
2023-01-17 17:21:15,993 - INFO: plugin_name: caching_sha2_password
2023-01-17 17:21:15,994 - INFO: AUTHENTICATION_PLUGIN_CLASS: MySQLCachingSHA2PasswordAuthPlugin
2023-01-17 17:21:15,995 - DEBUG: new_auth_plugin: caching_sha2_password
2023-01-17 17:21:16,008 - DEBUG: 2 books read.
2023-01-17 17:21:16,009 - INFO: Reading book stores for books...
2023-01-17 17:21:16,031 - DEBUG: # _do_auth(): self._auth_plugin: 
2023-01-17 17:21:16,032 - DEBUG: new_auth_plugin: caching_sha2_password
2023-01-17 17:21:29,329 - INFO: Config loaded!
2023-01-17 17:21:29,329 - INFO: Reading books from DB...
2023-01-17 17:21:29,358 - DEBUG: # _do_auth(): self._auth_plugin: 
2023-01-17 17:21:29,358 - INFO: package: mysql.connector.plugins
2023-01-17 17:21:29,358 - INFO: plugin_name: caching_sha2_password
2023-01-17 17:21:29,359 - INFO: AUTHENTICATION_PLUGIN_CLASS: MySQLCachingSHA2PasswordAuthPlugin
2023-01-17 17:21:29,359 - DEBUG: new_auth_plugin: caching_sha2_password
2023-01-17 17:21:29,373 - DEBUG: 2 books read.
2023-01-17 17:21:29,373 - INFO: Reading book stores for books...
2023-01-17 17:21:29,395 - DEBUG: # _do_auth(): self._auth_plugin: 
2023-01-17 17:21:29,396 - DEBUG: new_auth_plugin: caching_sha2_password
2023-01-17 17:51:05,482 - INFO: Config loaded!
2023-01-17 17:51:05,483 - INFO: Reading books from DB...
2023-01-17 17:51:05,530 - DEBUG: # _do_auth(): self._auth_plugin: 
2023-01-17 17:51:05,530 - INFO: package: mysql.connector.plugins
2023-01-17 17:51:05,531 - INFO: plugin_name: caching_sha2_password
2023-01-17 17:51:05,532 - INFO: AUTHENTICATION_PLUGIN_CLASS: MySQLCachingSHA2PasswordAuthPlugin
2023-01-17 17:51:05,533 - DEBUG: new_auth_plugin: caching_sha2_password
2023-01-17 17:51:05,546 - DEBUG: 2 books read.
2023-01-17 17:51:05,547 - INFO: Reading book stores for books...
2023-01-17 17:51:05,568 - DEBUG: # _do_auth(): self._auth_plugin: 
2023-01-17 17:51:05,568 - DEBUG: new_auth_plugin: caching_sha2_password
2023-01-17 17:53:32,624 - INFO: Config loaded!
2023-01-17 17:53:32,625 - INFO: Reading books from DB...
2023-01-17 17:53:32,657 - DEBUG: # _do_auth(): self._auth_plugin: 
2023-01-17 17:53:32,658 - INFO: package: mysql.connector.plugins
2023-01-17 17:53:32,658 - INFO: plugin_name: caching_sha2_password
2023-01-17 17:53:32,659 - INFO: AUTHENTICATION_PLUGIN_CLASS: MySQLCachingSHA2PasswordAuthPlugin
2023-01-17 17:53:32,659 - DEBUG: new_auth_plugin: caching_sha2_password
2023-01-17 17:53:32,673 - DEBUG: 2 books read.
2023-01-17 17:53:32,673 - INFO: Reading book stores for books...
2023-01-17 17:53:32,694 - DEBUG: # _do_auth(): self._auth_plugin: 
2023-01-17 17:53:32,695 - DEBUG: new_auth_plugin: caching_sha2_password
2023-01-17 17:54:04,997 - INFO: Config loaded!
2023-01-17 17:54:04,997 - INFO: Reading books from DB...
2023-01-17 17:54:05,022 - DEBUG: # _do_auth(): self._auth_plugin: 
2023-01-17 17:54:05,023 - INFO: package: mysql.connector.plugins
2023-01-17 17:54:05,023 - INFO: plugin_name: caching_sha2_password
2023-01-17 17:54:05,023 - INFO: AUTHENTICATION_PLUGIN_CLASS: MySQLCachingSHA2PasswordAuthPlugin
2023-01-17 17:54:05,024 - DEBUG: new_auth_plugin: caching_sha2_password
2023-01-17 17:54:05,037 - DEBUG: 2 books read.
2023-01-17 17:54:05,037 - INFO: Reading book stores for books...
2023-01-17 17:54:05,058 - DEBUG: # _do_auth(): self._auth_plugin: 
2023-01-17 17:54:05,058 - DEBUG: new_auth_plugin: caching_sha2_password
2023-01-17 17:54:54,727 - INFO: Config loaded!
2023-01-17 17:54:54,728 - INFO: Reading books from DB...
2023-01-17 17:54:54,759 - DEBUG: # _do_auth(): self._auth_plugin: 
2023-01-17 17:54:54,760 - INFO: package: mysql.connector.plugins
2023-01-17 17:54:54,760 - INFO: plugin_name: caching_sha2_password
2023-01-17 17:54:54,761 - INFO: AUTHENTICATION_PLUGIN_CLASS: MySQLCachingSHA2PasswordAuthPlugin
2023-01-17 17:54:54,761 - DEBUG: new_auth_plugin: caching_sha2_password
2023-01-17 17:54:54,774 - DEBUG: 2 books read.
2023-01-17 17:54:54,774 - INFO: Reading book stores for books...
2023-01-17 17:54:54,794 - DEBUG: # _do_auth(): self._auth_plugin: 
2023-01-17 17:54:54,795 - DEBUG: new_auth_plugin: caching_sha2_password
2023-01-17 17:55:23,671 - INFO: Config loaded!
2023-01-17 17:55:23,672 - INFO: Reading books from DB...
2023-01-17 17:55:23,749 - DEBUG: # _do_auth(): self._auth_plugin: 
2023-01-17 17:55:23,749 - INFO: package: mysql.connector.plugins
2023-01-17 17:55:23,749 - INFO: plugin_name: caching_sha2_password
2023-01-17 17:55:23,750 - INFO: AUTHENTICATION_PLUGIN_CLASS: MySQLCachingSHA2PasswordAuthPlugin
2023-01-17 17:55:23,751 - DEBUG: new_auth_plugin: caching_sha2_password
2023-01-17 17:55:23,814 - DEBUG: 2 books read.
2023-01-17 17:55:23,814 - INFO: Reading book stores for books...
2023-01-17 17:55:23,838 - DEBUG: # _do_auth(): self._auth_plugin: 
2023-01-17 17:55:23,838 - DEBUG: new_auth_plugin: caching_sha2_password
2023-01-17 18:01:53,328 - INFO: Config loaded!
2023-01-17 18:01:53,329 - INFO: Reading books from DB...
2023-01-17 18:01:53,376 - DEBUG: # _do_auth(): self._auth_plugin: 
2023-01-17 18:01:53,377 - INFO: package: mysql.connector.plugins
2023-01-17 18:01:53,377 - INFO: plugin_name: caching_sha2_password
2023-01-17 18:01:53,378 - INFO: AUTHENTICATION_PLUGIN_CLASS: MySQLCachingSHA2PasswordAuthPlugin
2023-01-17 18:01:53,378 - DEBUG: new_auth_plugin: caching_sha2_password
2023-01-17 18:01:53,392 - DEBUG: 2 books read.
2023-01-17 18:01:53,392 - INFO: Reading book stores for books...
2023-01-17 18:01:53,413 - DEBUG: # _do_auth(): self._auth_plugin: 
2023-01-17 18:01:53,414 - DEBUG: new_auth_plugin: caching_sha2_password
2023-01-17 18:03:56,868 - INFO: Config loaded!
2023-01-17 18:03:56,869 - INFO: Reading books from DB...
2023-01-17 18:03:56,899 - DEBUG: # _do_auth(): self._auth_plugin: 
2023-01-17 18:03:56,899 - INFO: package: mysql.connector.plugins
2023-01-17 18:03:56,899 - INFO: plugin_name: caching_sha2_password
2023-01-17 18:03:56,900 - INFO: AUTHENTICATION_PLUGIN_CLASS: MySQLCachingSHA2PasswordAuthPlugin
2023-01-17 18:03:56,901 - DEBUG: new_auth_plugin: caching_sha2_password
2023-01-17 18:03:56,914 - DEBUG: 2 books read.
2023-01-17 18:03:56,914 - INFO: Reading book stores for books...
2023-01-17 18:03:56,935 - DEBUG: # _do_auth(): self._auth_plugin: 
2023-01-17 18:03:56,935 - DEBUG: new_auth_plugin: caching_sha2_password
2023-01-17 18:06:34,187 - INFO: Config loaded!
2023-01-17 18:06:34,188 - INFO: Reading books from DB...
2023-01-17 18:06:34,219 - DEBUG: # _do_auth(): self._auth_plugin: 
2023-01-17 18:06:34,219 - INFO: package: mysql.connector.plugins
2023-01-17 18:06:34,219 - INFO: plugin_name: caching_sha2_password
2023-01-17 18:06:34,220 - INFO: AUTHENTICATION_PLUGIN_CLASS: MySQLCachingSHA2PasswordAuthPlugin
2023-01-17 18:06:34,220 - DEBUG: new_auth_plugin: caching_sha2_password
2023-01-17 18:06:34,233 - DEBUG: 2 books read.
2023-01-17 18:06:34,233 - INFO: Reading book stores for books...
2023-01-17 18:07:21,265 - INFO: Config loaded!
2023-01-17 18:07:21,265 - INFO: Reading books from DB...
2023-01-17 18:07:21,299 - DEBUG: # _do_auth(): self._auth_plugin: 
2023-01-17 18:07:21,299 - INFO: package: mysql.connector.plugins
2023-01-17 18:07:21,300 - INFO: plugin_name: caching_sha2_password
2023-01-17 18:07:21,300 - INFO: AUTHENTICATION_PLUGIN_CLASS: MySQLCachingSHA2PasswordAuthPlugin
2023-01-17 18:07:21,300 - DEBUG: new_auth_plugin: caching_sha2_password
2023-01-17 18:07:21,314 - DEBUG: 2 books read.
2023-01-17 18:07:21,314 - INFO: Reading book stores for books...
2023-01-17 18:07:21,335 - DEBUG: # _do_auth(): self._auth_plugin: 
2023-01-17 18:07:21,335 - DEBUG: new_auth_plugin: caching_sha2_password
2023-01-17 18:08:35,891 - INFO: Config loaded!
2023-01-17 18:08:35,891 - INFO: Reading books from DB...
2023-01-17 18:08:35,919 - DEBUG: # _do_auth(): self._auth_plugin: 
2023-01-17 18:08:35,919 - INFO: package: mysql.connector.plugins
2023-01-17 18:08:35,919 - INFO: plugin_name: caching_sha2_password
2023-01-17 18:08:35,920 - INFO: AUTHENTICATION_PLUGIN_CLASS: MySQLCachingSHA2PasswordAuthPlugin
2023-01-17 18:08:35,920 - DEBUG: new_auth_plugin: caching_sha2_password
2023-01-17 18:08:35,934 - DEBUG: 2 books read.
2023-01-17 18:08:35,935 - INFO: Reading book stores for books...
2023-01-17 18:08:35,956 - DEBUG: # _do_auth(): self._auth_plugin: 
2023-01-17 18:08:35,957 - DEBUG: new_auth_plugin: caching_sha2_password
2023-01-17 18:08:48,699 - INFO: Config loaded!
2023-01-17 18:08:48,699 - INFO: Reading books from DB...
2023-01-17 18:08:48,730 - DEBUG: # _do_auth(): self._auth_plugin: 
2023-01-17 18:08:48,730 - INFO: package: mysql.connector.plugins
2023-01-17 18:08:48,730 - INFO: plugin_name: caching_sha2_password
2023-01-17 18:08:48,731 - INFO: AUTHENTICATION_PLUGIN_CLASS: MySQLCachingSHA2PasswordAuthPlugin
2023-01-17 18:08:48,731 - DEBUG: new_auth_plugin: caching_sha2_password
2023-01-17 18:08:48,745 - DEBUG: 2 books read.
2023-01-17 18:08:48,746 - INFO: Reading book stores for books...
2023-01-17 18:08:48,765 - DEBUG: # _do_auth(): self._auth_plugin: 
2023-01-17 18:08:48,766 - DEBUG: new_auth_plugin: caching_sha2_password
2023-01-17 18:10:22,034 - INFO: Config loaded!
2023-01-17 18:10:22,035 - INFO: Reading books from DB...
2023-01-17 18:10:22,080 - DEBUG: # _do_auth(): self._auth_plugin: 
2023-01-17 18:10:22,080 - INFO: package: mysql.connector.plugins
2023-01-17 18:10:22,080 - INFO: plugin_name: caching_sha2_password
2023-01-17 18:10:22,081 - INFO: AUTHENTICATION_PLUGIN_CLASS: MySQLCachingSHA2PasswordAuthPlugin
2023-01-17 18:10:22,081 - DEBUG: new_auth_plugin: caching_sha2_password
2023-01-17 18:10:22,096 - DEBUG: 2 books read.
2023-01-17 18:10:22,096 - INFO: Reading book stores for books...
2023-01-17 18:10:30,094 - INFO: Config loaded!
2023-01-17 18:10:30,094 - INFO: Reading books from DB...
2023-01-17 18:10:30,122 - DEBUG: # _do_auth(): self._auth_plugin: 
2023-01-17 18:10:30,122 - INFO: package: mysql.connector.plugins
2023-01-17 18:10:30,123 - INFO: plugin_name: caching_sha2_password
2023-01-17 18:10:30,123 - INFO: AUTHENTICATION_PLUGIN_CLASS: MySQLCachingSHA2PasswordAuthPlugin
2023-01-17 18:10:30,123 - DEBUG: new_auth_plugin: caching_sha2_password
2023-01-17 18:10:30,138 - DEBUG: 2 books read.
2023-01-17 18:10:30,138 - INFO: Reading book stores for books...
2023-01-17 18:10:30,158 - DEBUG: # _do_auth(): self._auth_plugin: 
2023-01-17 18:10:30,159 - DEBUG: new_auth_plugin: caching_sha2_password
2023-01-17 18:10:57,601 - INFO: Config loaded!
2023-01-17 18:10:57,601 - INFO: Reading books from DB...
2023-01-17 18:10:57,638 - DEBUG: # _do_auth(): self._auth_plugin: 
2023-01-17 18:10:57,638 - INFO: package: mysql.connector.plugins
2023-01-17 18:10:57,639 - INFO: plugin_name: caching_sha2_password
2023-01-17 18:10:57,639 - INFO: AUTHENTICATION_PLUGIN_CLASS: MySQLCachingSHA2PasswordAuthPlugin
2023-01-17 18:10:57,640 - DEBUG: new_auth_plugin: caching_sha2_password
2023-01-17 18:10:57,665 - DEBUG: 2 books read.
2023-01-17 18:10:57,665 - INFO: Reading book stores for books...
2023-01-17 18:10:57,687 - DEBUG: # _do_auth(): self._auth_plugin: 
2023-01-17 18:10:57,688 - DEBUG: new_auth_plugin: caching_sha2_password
2023-01-17 18:11:25,281 - INFO: Config loaded!
2023-01-17 18:11:25,282 - INFO: Reading books from DB...
2023-01-17 18:11:25,314 - DEBUG: # _do_auth(): self._auth_plugin: 
2023-01-17 18:11:25,314 - INFO: package: mysql.connector.plugins
2023-01-17 18:11:25,315 - INFO: plugin_name: caching_sha2_password
2023-01-17 18:11:25,315 - INFO: AUTHENTICATION_PLUGIN_CLASS: MySQLCachingSHA2PasswordAuthPlugin
2023-01-17 18:11:25,316 - DEBUG: new_auth_plugin: caching_sha2_password
2023-01-17 18:11:59,653 - INFO: Config loaded!
2023-01-17 18:11:59,653 - INFO: Reading books from DB...
2023-01-17 18:11:59,687 - DEBUG: # _do_auth(): self._auth_plugin: 
2023-01-17 18:11:59,687 - INFO: package: mysql.connector.plugins
2023-01-17 18:11:59,687 - INFO: plugin_name: caching_sha2_password
2023-01-17 18:11:59,689 - INFO: AUTHENTICATION_PLUGIN_CLASS: MySQLCachingSHA2PasswordAuthPlugin
2023-01-17 18:11:59,689 - DEBUG: new_auth_plugin: caching_sha2_password
2023-01-17 18:11:59,733 - DEBUG: 2 books read.
2023-01-17 18:11:59,733 - INFO: Reading book stores for books...
2023-01-17 18:11:59,756 - DEBUG: # _do_auth(): self._auth_plugin: 
2023-01-17 18:11:59,756 - DEBUG: new_auth_plugin: caching_sha2_password
2023-01-17 18:12:27,479 - INFO: Config loaded!
2023-01-17 18:12:27,479 - INFO: Reading books from DB...
2023-01-17 18:12:27,508 - DEBUG: # _do_auth(): self._auth_plugin: 
2023-01-17 18:12:27,508 - INFO: package: mysql.connector.plugins
2023-01-17 18:12:27,508 - INFO: plugin_name: caching_sha2_password
2023-01-17 18:12:27,509 - INFO: AUTHENTICATION_PLUGIN_CLASS: MySQLCachingSHA2PasswordAuthPlugin
2023-01-17 18:12:27,509 - DEBUG: new_auth_plugin: caching_sha2_password
2023-01-17 18:12:27,523 - DEBUG: 2 books read.
2023-01-17 18:12:27,523 - INFO: Reading book stores for books...
2023-01-17 18:12:27,543 - DEBUG: # _do_auth(): self._auth_plugin: 
2023-01-17 18:12:27,543 - DEBUG: new_auth_plugin: caching_sha2_password
2023-01-17 18:15:43,614 - INFO: Config loaded!
2023-01-17 18:15:43,614 - INFO: Reading books from DB...
2023-01-17 18:15:43,649 - DEBUG: # _do_auth(): self._auth_plugin: 
2023-01-17 18:15:43,650 - INFO: package: mysql.connector.plugins
2023-01-17 18:15:43,650 - INFO: plugin_name: caching_sha2_password
2023-01-17 18:15:43,651 - INFO: AUTHENTICATION_PLUGIN_CLASS: MySQLCachingSHA2PasswordAuthPlugin
2023-01-17 18:15:43,651 - DEBUG: new_auth_plugin: caching_sha2_password
2023-01-17 18:15:43,665 - DEBUG: 2 books read.
2023-01-17 18:15:43,665 - INFO: Reading book stores for books...
2023-01-17 18:15:43,687 - DEBUG: # _do_auth(): self._auth_plugin: 
2023-01-17 18:15:43,688 - DEBUG: new_auth_plugin: caching_sha2_password
2023-01-17 18:15:43,705 - DEBUG: Book stores read for 2 books.
2023-01-17 18:15:43,705 - INFO: Updating prices for books...
2023-01-17 18:15:43,705 - DEBUG: Updating prices for book ID 1...
2023-01-17 18:15:43,706 - ERROR: Failed get updated price from https://www.bog-ide.dk/produkt/1912877/michel-houellebecq-underkastelse-haeftet/3054608
2023-01-17 18:15:43,706 - ERROR: Exception: 'BookStore' object has no attribute 'book_id'
2023-01-17 18:15:43,706 - DEBUG: Got 0 prices for book ID 1
2023-01-17 18:15:43,706 - DEBUG: Updating prices for book ID 2...
2023-01-17 18:15:43,706 - ERROR: Failed get updated price from https://www.bog-ide.dk/produkt/290020/michel-houellebecq-kortet-og-landskabet-haeftet/2467377
2023-01-17 18:15:43,706 - ERROR: Exception: 'BookStore' object has no attribute 'book_id'
2023-01-17 18:15:43,706 - ERROR: Failed get updated price from https://shopping.coop.dk/vare/kortet-og-landskabet-haeftet-af-michel-houellebecq/9788763858007
2023-01-17 18:15:43,706 - ERROR: Exception: 'BookStore' object has no attribute 'book_id'
2023-01-17 18:15:43,706 - DEBUG: Got 0 prices for book ID 2
2023-01-17 18:23:23,793 - INFO: Config loaded!
2023-01-17 18:23:23,793 - INFO: Reading books from DB...
2023-01-17 18:23:23,838 - DEBUG: # _do_auth(): self._auth_plugin: 
2023-01-17 18:23:23,838 - INFO: package: mysql.connector.plugins
2023-01-17 18:23:23,838 - INFO: plugin_name: caching_sha2_password
2023-01-17 18:23:23,840 - INFO: AUTHENTICATION_PLUGIN_CLASS: MySQLCachingSHA2PasswordAuthPlugin
2023-01-17 18:23:23,840 - DEBUG: new_auth_plugin: caching_sha2_password
2023-01-17 18:23:23,854 - DEBUG: 2 books read.
2023-01-17 18:23:23,854 - INFO: Reading book stores for books...
2023-01-17 18:23:23,874 - DEBUG: # _do_auth(): self._auth_plugin: 
2023-01-17 18:23:23,875 - DEBUG: new_auth_plugin: caching_sha2_password
2023-01-17 18:23:23,889 - DEBUG: Book stores read for 2 books.
2023-01-17 18:23:23,889 - INFO: Updating prices for books...
2023-01-17 18:23:23,889 - DEBUG: Updating prices for book ID 1...
2023-01-17 18:23:23,889 - DEBUG: Getting price for book ID 1 at book store ID 5 (URL https://www.bog-ide.dk/produkt/1912877/michel-houellebecq-underkastelse-haeftet/3054608)
2023-01-17 18:23:23,927 - DEBUG: Starting new HTTPS connection (1): www.bog-ide.dk:443
2023-01-17 18:23:25,598 - DEBUG: https://www.bog-ide.dk:443 "GET /produkt/1912877/michel-houellebecq-underkastelse-haeftet/3054608 HTTP/1.1" 200 None
2023-01-17 18:23:25,735 - ERROR: Failed get updated price from https://www.bog-ide.dk/produkt/1912877/michel-houellebecq-underkastelse-haeftet/3054608
2023-01-17 18:23:25,736 - ERROR: Exception: 'NoneType' object has no attribute 'group'
2023-01-17 18:23:25,736 - DEBUG: Got 0 prices for book ID 1
2023-01-17 18:23:25,736 - DEBUG: Updating prices for book ID 2...
2023-01-17 18:23:25,736 - DEBUG: Getting price for book ID 2 at book store ID 5 (URL https://www.bog-ide.dk/produkt/290020/michel-houellebecq-kortet-og-landskabet-haeftet/2467377)
2023-01-17 18:23:25,738 - DEBUG: Starting new HTTPS connection (1): www.bog-ide.dk:443
2023-01-17 18:23:27,086 - DEBUG: https://www.bog-ide.dk:443 "GET /produkt/290020/michel-houellebecq-kortet-og-landskabet-haeftet/2467377 HTTP/1.1" 200 None
2023-01-17 18:23:27,193 - ERROR: Failed get updated price from https://www.bog-ide.dk/produkt/290020/michel-houellebecq-kortet-og-landskabet-haeftet/2467377
2023-01-17 18:23:27,193 - ERROR: Exception: 'NoneType' object has no attribute 'group'
2023-01-17 18:23:27,193 - DEBUG: Getting price for book ID 2 at book store ID 6 (URL https://shopping.coop.dk/vare/kortet-og-landskabet-haeftet-af-michel-houellebecq/9788763858007)
2023-01-17 18:23:27,226 - DEBUG: Starting new HTTPS connection (1): shopping.coop.dk:443
2023-01-17 18:23:27,498 - DEBUG: https://shopping.coop.dk:443 "GET /vare/kortet-og-landskabet-haeftet-af-michel-houellebecq/9788763858007 HTTP/1.1" 200 None
2023-01-17 18:23:27,618 - ERROR: Failed get updated price from https://shopping.coop.dk/vare/kortet-og-landskabet-haeftet-af-michel-houellebecq/9788763858007
2023-01-17 18:23:27,618 - ERROR: Exception: 'NoneType' object has no attribute 'group'
2023-01-17 18:23:27,618 - DEBUG: Got 0 prices for book ID 2
2023-01-17 18:31:57,159 - INFO: Config loaded!
2023-01-17 18:31:57,159 - INFO: Reading books from DB...
2023-01-17 18:31:57,224 - DEBUG: # _do_auth(): self._auth_plugin: 
2023-01-17 18:31:57,225 - INFO: package: mysql.connector.plugins
2023-01-17 18:31:57,225 - INFO: plugin_name: caching_sha2_password
2023-01-17 18:31:57,227 - INFO: AUTHENTICATION_PLUGIN_CLASS: MySQLCachingSHA2PasswordAuthPlugin
2023-01-17 18:31:57,227 - DEBUG: new_auth_plugin: caching_sha2_password
2023-01-17 18:31:57,241 - DEBUG: 2 books read.
2023-01-17 18:31:57,242 - INFO: Reading book stores for books...
2023-01-17 18:31:57,262 - DEBUG: # _do_auth(): self._auth_plugin: 
2023-01-17 18:31:57,262 - DEBUG: new_auth_plugin: caching_sha2_password
2023-01-17 18:31:57,277 - DEBUG: Book stores read for 2 books.
2023-01-17 18:31:57,277 - INFO: Updating prices for books...
2023-01-17 18:31:57,278 - DEBUG: Updating prices for book ID 1...
2023-01-17 18:31:57,278 - DEBUG: Getting price for book ID 1 at book store ID 5 (URL https://www.bog-ide.dk/produkt/1912877/michel-houellebecq-underkastelse-haeftet/3054608)
2023-01-17 18:31:57,329 - DEBUG: Starting new HTTPS connection (1): www.bog-ide.dk:443
2023-01-17 18:31:57,414 - DEBUG: https://www.bog-ide.dk:443 "GET /produkt/1912877/michel-houellebecq-underkastelse-haeftet/3054608 HTTP/1.1" 200 None
2023-01-17 18:31:57,560 - ERROR: Failed get updated price from https://www.bog-ide.dk/produkt/1912877/michel-houellebecq-underkastelse-haeftet/3054608
2023-01-17 18:31:57,560 - ERROR: Exception: Price not found!
2023-01-17 18:31:57,560 - DEBUG: Got 0 prices for book ID 1
2023-01-17 18:31:57,560 - DEBUG: Updating prices for book ID 2...
2023-01-17 18:31:57,560 - DEBUG: Getting price for book ID 2 at book store ID 5 (URL https://www.bog-ide.dk/produkt/290020/michel-houellebecq-kortet-og-landskabet-haeftet/2467377)
2023-01-17 18:31:57,562 - DEBUG: Starting new HTTPS connection (1): www.bog-ide.dk:443
2023-01-17 18:31:57,654 - DEBUG: https://www.bog-ide.dk:443 "GET /produkt/290020/michel-houellebecq-kortet-og-landskabet-haeftet/2467377 HTTP/1.1" 200 None
2023-01-17 18:31:57,773 - ERROR: Failed get updated price from https://www.bog-ide.dk/produkt/290020/michel-houellebecq-kortet-og-landskabet-haeftet/2467377
2023-01-17 18:31:57,773 - ERROR: Exception: Price not found!
2023-01-17 18:31:57,773 - DEBUG: Getting price for book ID 2 at book store ID 6 (URL https://shopping.coop.dk/vare/kortet-og-landskabet-haeftet-af-michel-houellebecq/9788763858007)
2023-01-17 18:31:57,776 - DEBUG: Starting new HTTPS connection (1): shopping.coop.dk:443
2023-01-17 18:31:58,044 - DEBUG: https://shopping.coop.dk:443 "GET /vare/kortet-og-landskabet-haeftet-af-michel-houellebecq/9788763858007 HTTP/1.1" 200 None
2023-01-17 18:31:58,186 - ERROR: Failed get updated price from https://shopping.coop.dk/vare/kortet-og-landskabet-haeftet-af-michel-houellebecq/9788763858007
2023-01-17 18:31:58,186 - ERROR: Exception: Price not found!
2023-01-17 18:31:58,186 - DEBUG: Got 0 prices for book ID 2
2023-01-17 18:32:28,906 - INFO: Config loaded!
2023-01-17 18:32:28,906 - INFO: Reading books from DB...
2023-01-17 18:32:28,938 - DEBUG: # _do_auth(): self._auth_plugin: 
2023-01-17 18:32:28,938 - INFO: package: mysql.connector.plugins
2023-01-17 18:32:28,938 - INFO: plugin_name: caching_sha2_password
2023-01-17 18:32:28,939 - INFO: AUTHENTICATION_PLUGIN_CLASS: MySQLCachingSHA2PasswordAuthPlugin
2023-01-17 18:32:28,940 - DEBUG: new_auth_plugin: caching_sha2_password
2023-01-17 18:32:28,953 - DEBUG: 2 books read.
2023-01-17 18:32:28,954 - INFO: Reading book stores for books...
2023-01-17 18:32:28,974 - DEBUG: # _do_auth(): self._auth_plugin: 
2023-01-17 18:32:28,974 - DEBUG: new_auth_plugin: caching_sha2_password
2023-01-17 18:32:28,991 - DEBUG: Book stores read for 2 books.
2023-01-17 18:32:28,991 - INFO: Updating prices for books...
2023-01-17 18:32:28,991 - DEBUG: Updating prices for book ID 1...
2023-01-17 18:32:28,992 - DEBUG: Getting price for book ID 1 at book store ID 5 (URL https://www.bog-ide.dk/produkt/1912877/michel-houellebecq-underkastelse-haeftet/3054608)
2023-01-17 18:32:29,005 - DEBUG: Starting new HTTPS connection (1): www.bog-ide.dk:443
2023-01-17 18:32:29,080 - DEBUG: https://www.bog-ide.dk:443 "GET /produkt/1912877/michel-houellebecq-underkastelse-haeftet/3054608 HTTP/1.1" 200 None
2023-01-17 18:32:29,243 - ERROR: Failed get updated price from https://www.bog-ide.dk/produkt/1912877/michel-houellebecq-underkastelse-haeftet/3054608
2023-01-17 18:32:29,243 - ERROR: Exception: Price not found!
2023-01-17 18:32:29,243 - DEBUG: Got 0 prices for book ID 1
2023-01-17 18:32:29,243 - DEBUG: Updating prices for book ID 2...
2023-01-17 18:32:29,243 - DEBUG: Getting price for book ID 2 at book store ID 5 (URL https://www.bog-ide.dk/produkt/290020/michel-houellebecq-kortet-og-landskabet-haeftet/2467377)
2023-01-17 18:32:29,245 - DEBUG: Starting new HTTPS connection (1): www.bog-ide.dk:443
2023-01-17 18:32:29,295 - DEBUG: https://www.bog-ide.dk:443 "GET /produkt/290020/michel-houellebecq-kortet-og-landskabet-haeftet/2467377 HTTP/1.1" 200 None
2023-01-17 18:32:29,417 - ERROR: Failed get updated price from https://www.bog-ide.dk/produkt/290020/michel-houellebecq-kortet-og-landskabet-haeftet/2467377
2023-01-17 18:32:29,417 - ERROR: Exception: Price not found!
2023-01-17 18:32:29,418 - DEBUG: Getting price for book ID 2 at book store ID 6 (URL https://shopping.coop.dk/vare/kortet-og-landskabet-haeftet-af-michel-houellebecq/9788763858007)
2023-01-17 18:32:29,419 - DEBUG: Starting new HTTPS connection (1): shopping.coop.dk:443
2023-01-17 18:32:29,533 - DEBUG: https://shopping.coop.dk:443 "GET /vare/kortet-og-landskabet-haeftet-af-michel-houellebecq/9788763858007 HTTP/1.1" 200 None
2023-01-17 18:32:29,673 - ERROR: Failed get updated price from https://shopping.coop.dk/vare/kortet-og-landskabet-haeftet-af-michel-houellebecq/9788763858007
2023-01-17 18:32:29,673 - ERROR: Exception: Price not found!
2023-01-17 18:32:29,674 - DEBUG: Got 0 prices for book ID 2
2023-01-17 18:33:40,895 - INFO: Config loaded!
2023-01-17 18:33:40,895 - INFO: Reading books from DB...
2023-01-17 18:33:40,927 - DEBUG: # _do_auth(): self._auth_plugin: 
2023-01-17 18:33:40,927 - INFO: package: mysql.connector.plugins
2023-01-17 18:33:40,927 - INFO: plugin_name: caching_sha2_password
2023-01-17 18:33:40,928 - INFO: AUTHENTICATION_PLUGIN_CLASS: MySQLCachingSHA2PasswordAuthPlugin
2023-01-17 18:33:40,929 - DEBUG: new_auth_plugin: caching_sha2_password
2023-01-17 18:33:40,942 - DEBUG: 2 books read.
2023-01-17 18:33:40,943 - INFO: Reading book stores for books...
2023-01-17 18:33:40,964 - DEBUG: # _do_auth(): self._auth_plugin: 
2023-01-17 18:33:40,964 - DEBUG: new_auth_plugin: caching_sha2_password
2023-01-17 18:33:40,980 - DEBUG: Book stores read for 2 books.
2023-01-17 18:33:40,980 - INFO: Updating prices for books...
2023-01-17 18:33:40,980 - DEBUG: Updating prices for book ID 1...
2023-01-17 18:33:40,980 - DEBUG: Getting price for book ID 1 at book store ID 5 (URL https://www.bog-ide.dk/produkt/1912877/michel-houellebecq-underkastelse-haeftet/3054608)
2023-01-17 18:33:40,993 - DEBUG: Starting new HTTPS connection (1): www.bog-ide.dk:443
2023-01-17 18:33:41,051 - DEBUG: https://www.bog-ide.dk:443 "GET /produkt/1912877/michel-houellebecq-underkastelse-haeftet/3054608 HTTP/1.1" 200 None
2023-01-17 18:33:41,217 - ERROR: Failed get updated price from https://www.bog-ide.dk/produkt/1912877/michel-houellebecq-underkastelse-haeftet/3054608
2023-01-17 18:33:41,217 - ERROR: Exception: Price not found!
2023-01-17 18:33:41,218 - DEBUG: Got 0 prices for book ID 1
2023-01-17 18:33:41,218 - DEBUG: Updating prices for book ID 2...
2023-01-17 18:33:41,218 - DEBUG: Getting price for book ID 2 at book store ID 5 (URL https://www.bog-ide.dk/produkt/290020/michel-houellebecq-kortet-og-landskabet-haeftet/2467377)
2023-01-17 18:33:41,220 - DEBUG: Starting new HTTPS connection (1): www.bog-ide.dk:443
2023-01-17 18:33:41,276 - DEBUG: https://www.bog-ide.dk:443 "GET /produkt/290020/michel-houellebecq-kortet-og-landskabet-haeftet/2467377 HTTP/1.1" 200 None
2023-01-17 18:33:41,398 - ERROR: Failed get updated price from https://www.bog-ide.dk/produkt/290020/michel-houellebecq-kortet-og-landskabet-haeftet/2467377
2023-01-17 18:33:41,398 - ERROR: Exception: Price not found!
2023-01-17 18:33:41,398 - DEBUG: Getting price for book ID 2 at book store ID 6 (URL https://shopping.coop.dk/vare/kortet-og-landskabet-haeftet-af-michel-houellebecq/9788763858007)
2023-01-17 18:33:41,402 - DEBUG: Starting new HTTPS connection (1): shopping.coop.dk:443
2023-01-17 18:33:41,515 - DEBUG: https://shopping.coop.dk:443 "GET /vare/kortet-og-landskabet-haeftet-af-michel-houellebecq/9788763858007 HTTP/1.1" 200 None
2023-01-17 18:33:41,655 - ERROR: Failed get updated price from https://shopping.coop.dk/vare/kortet-og-landskabet-haeftet-af-michel-houellebecq/9788763858007
2023-01-17 18:33:41,656 - ERROR: Exception: Price not found!
2023-01-17 18:33:41,656 - DEBUG: Got 0 prices for book ID 2
2023-01-17 18:33:41,656 - INFO: Inserting 0 prices to DB....
2023-01-17 18:33:41,680 - DEBUG: # _do_auth(): self._auth_plugin: 
2023-01-17 18:33:41,680 - DEBUG: new_auth_plugin: caching_sha2_password
2023-01-17 18:33:41,694 - INFO: Prices inserted!
2023-01-17 18:37:34,967 - INFO: Config loaded!
2023-01-17 18:37:34,967 - INFO: Reading books from DB...
2023-01-17 18:37:35,001 - DEBUG: # _do_auth(): self._auth_plugin: 
2023-01-17 18:37:35,002 - INFO: package: mysql.connector.plugins
2023-01-17 18:37:35,002 - INFO: plugin_name: caching_sha2_password
2023-01-17 18:37:35,003 - INFO: AUTHENTICATION_PLUGIN_CLASS: MySQLCachingSHA2PasswordAuthPlugin
2023-01-17 18:37:35,004 - DEBUG: new_auth_plugin: caching_sha2_password
2023-01-17 18:37:35,017 - DEBUG: 2 books read.
2023-01-17 18:37:35,017 - INFO: Reading book stores for books...
2023-01-17 18:37:35,038 - DEBUG: # _do_auth(): self._auth_plugin: 
2023-01-17 18:37:35,039 - DEBUG: new_auth_plugin: caching_sha2_password
2023-01-17 18:37:35,055 - DEBUG: Book stores read for 2 books.
2023-01-17 18:37:35,055 - INFO: Updating prices for books...
2023-01-17 18:37:35,056 - DEBUG: Updating prices for book ID 1...
2023-01-17 18:37:35,056 - DEBUG: Getting price for book ID 1 at book store ID 5 (URL https://www.bog-ide.dk/produkt/1912877/michel-houellebecq-underkastelse-haeftet/3054608)
2023-01-17 18:37:35,070 - DEBUG: Starting new HTTPS connection (1): www.bog-ide.dk:443
2023-01-17 18:37:35,129 - DEBUG: https://www.bog-ide.dk:443 "GET /produkt/1912877/michel-houellebecq-underkastelse-haeftet/3054608 HTTP/1.1" 200 None
2023-01-17 18:37:35,298 - ERROR: Failed get updated price from https://www.bog-ide.dk/produkt/1912877/michel-houellebecq-underkastelse-haeftet/3054608
2023-01-17 18:37:35,298 - ERROR: Exception: Price not found!
2023-01-17 18:37:35,298 - DEBUG: Got 0 prices for book ID 1
2023-01-17 18:37:35,298 - DEBUG: Updating prices for book ID 2...
2023-01-17 18:37:35,298 - DEBUG: Getting price for book ID 2 at book store ID 5 (URL https://www.bog-ide.dk/produkt/290020/michel-houellebecq-kortet-og-landskabet-haeftet/2467377)
2023-01-17 18:37:35,300 - DEBUG: Starting new HTTPS connection (1): www.bog-ide.dk:443
2023-01-17 18:37:35,353 - DEBUG: https://www.bog-ide.dk:443 "GET /produkt/290020/michel-houellebecq-kortet-og-landskabet-haeftet/2467377 HTTP/1.1" 200 None
2023-01-17 18:37:35,480 - ERROR: Failed get updated price from https://www.bog-ide.dk/produkt/290020/michel-houellebecq-kortet-og-landskabet-haeftet/2467377
2023-01-17 18:37:35,480 - ERROR: Exception: Price not found!
2023-01-17 18:37:35,480 - DEBUG: Getting price for book ID 2 at book store ID 6 (URL https://shopping.coop.dk/vare/kortet-og-landskabet-haeftet-af-michel-houellebecq/9788763858007)
2023-01-17 18:37:35,482 - DEBUG: Starting new HTTPS connection (1): shopping.coop.dk:443
2023-01-17 18:37:35,727 - DEBUG: https://shopping.coop.dk:443 "GET /vare/kortet-og-landskabet-haeftet-af-michel-houellebecq/9788763858007 HTTP/1.1" 200 None
2023-01-17 18:37:35,874 - ERROR: Failed get updated price from https://shopping.coop.dk/vare/kortet-og-landskabet-haeftet-af-michel-houellebecq/9788763858007
2023-01-17 18:37:35,875 - ERROR: Exception: Price not found!
2023-01-17 18:37:35,875 - DEBUG: Got 0 prices for book ID 2
2023-01-17 18:37:35,875 - INFO: Inserting 0 prices to DB....
2023-01-17 18:37:35,898 - DEBUG: # _do_auth(): self._auth_plugin: 
2023-01-17 18:37:35,899 - DEBUG: new_auth_plugin: caching_sha2_password
2023-01-17 18:37:35,912 - INFO: Prices inserted!
2023-01-17 18:38:46,231 - INFO: Config loaded!
2023-01-17 18:38:46,231 - INFO: Reading books from DB...
2023-01-17 18:38:46,260 - DEBUG: # _do_auth(): self._auth_plugin: 
2023-01-17 18:38:46,261 - INFO: package: mysql.connector.plugins
2023-01-17 18:38:46,262 - INFO: plugin_name: caching_sha2_password
2023-01-17 18:38:46,262 - INFO: AUTHENTICATION_PLUGIN_CLASS: MySQLCachingSHA2PasswordAuthPlugin
2023-01-17 18:38:46,263 - DEBUG: new_auth_plugin: caching_sha2_password
2023-01-17 18:38:46,275 - DEBUG: 2 books read.
2023-01-17 18:38:46,275 - INFO: Reading book stores for books...
2023-01-17 18:38:46,295 - DEBUG: # _do_auth(): self._auth_plugin: 
2023-01-17 18:38:46,295 - DEBUG: new_auth_plugin: caching_sha2_password
2023-01-17 18:38:46,310 - DEBUG: Book stores read for 2 books.
2023-01-17 18:38:46,310 - INFO: Updating prices for books...
2023-01-17 18:38:46,310 - DEBUG: Updating prices for book ID 1...
2023-01-17 18:38:46,311 - DEBUG: Getting price for book ID 1 at book store ID 5 (URL https://www.bog-ide.dk/produkt/1912877/michel-houellebecq-underkastelse-haeftet/3054608)
2023-01-17 18:38:46,357 - DEBUG: Starting new HTTPS connection (1): www.bog-ide.dk:443
2023-01-17 18:38:46,419 - DEBUG: https://www.bog-ide.dk:443 "GET /produkt/1912877/michel-houellebecq-underkastelse-haeftet/3054608 HTTP/1.1" 200 None
2023-01-17 18:38:46,599 - DEBUG: Got 1 prices for book ID 1
2023-01-17 18:38:46,599 - DEBUG: Updating prices for book ID 2...
2023-01-17 18:38:46,600 - DEBUG: Getting price for book ID 2 at book store ID 5 (URL https://www.bog-ide.dk/produkt/290020/michel-houellebecq-kortet-og-landskabet-haeftet/2467377)
2023-01-17 18:38:46,602 - DEBUG: Starting new HTTPS connection (1): www.bog-ide.dk:443
2023-01-17 18:38:46,657 - DEBUG: https://www.bog-ide.dk:443 "GET /produkt/290020/michel-houellebecq-kortet-og-landskabet-haeftet/2467377 HTTP/1.1" 200 None
2023-01-17 18:38:46,776 - DEBUG: Getting price for book ID 2 at book store ID 6 (URL https://shopping.coop.dk/vare/kortet-og-landskabet-haeftet-af-michel-houellebecq/9788763858007)
2023-01-17 18:38:46,778 - DEBUG: Starting new HTTPS connection (1): shopping.coop.dk:443
2023-01-17 18:38:46,885 - DEBUG: https://shopping.coop.dk:443 "GET /vare/kortet-og-landskabet-haeftet-af-michel-houellebecq/9788763858007 HTTP/1.1" 200 None
2023-01-17 18:38:47,032 - ERROR: Failed get updated price from https://shopping.coop.dk/vare/kortet-og-landskabet-haeftet-af-michel-houellebecq/9788763858007
2023-01-17 18:38:47,033 - ERROR: Exception: Price not found!
2023-01-17 18:38:47,033 - DEBUG: Got 1 prices for book ID 2
2023-01-17 18:38:47,033 - INFO: Inserting 2 prices to DB....
2023-01-17 18:38:47,054 - DEBUG: # _do_auth(): self._auth_plugin: 
2023-01-17 18:38:47,054 - DEBUG: new_auth_plugin: caching_sha2_password
2023-01-17 18:44:49,373 - INFO: Config loaded!
2023-01-17 18:44:49,374 - INFO: Reading books from DB...
2023-01-17 18:44:49,418 - DEBUG: # _do_auth(): self._auth_plugin: 
2023-01-17 18:44:49,418 - INFO: package: mysql.connector.plugins
2023-01-17 18:44:49,418 - INFO: plugin_name: caching_sha2_password
2023-01-17 18:44:49,420 - INFO: AUTHENTICATION_PLUGIN_CLASS: MySQLCachingSHA2PasswordAuthPlugin
2023-01-17 18:44:49,420 - DEBUG: new_auth_plugin: caching_sha2_password
2023-01-17 18:44:49,433 - DEBUG: 2 books read.
2023-01-17 18:44:49,433 - INFO: Reading book stores for books...
2023-01-17 18:44:49,453 - DEBUG: # _do_auth(): self._auth_plugin: 
2023-01-17 18:44:49,454 - DEBUG: new_auth_plugin: caching_sha2_password
2023-01-17 18:44:49,468 - DEBUG: Book stores read for 2 books.
2023-01-17 18:44:49,468 - INFO: Updating prices for books...
2023-01-17 18:44:49,469 - DEBUG: Updating prices for book ID 1...
2023-01-17 18:44:49,469 - DEBUG: Getting price for book ID 1 at book store ID 5 (URL https://www.bog-ide.dk/produkt/1912877/michel-houellebecq-underkastelse-haeftet/3054608)
2023-01-17 18:44:49,519 - DEBUG: Starting new HTTPS connection (1): www.bog-ide.dk:443
2023-01-17 18:44:49,631 - DEBUG: https://www.bog-ide.dk:443 "GET /produkt/1912877/michel-houellebecq-underkastelse-haeftet/3054608 HTTP/1.1" 200 None
2023-01-17 18:44:49,796 - DEBUG: Got 1 prices for book ID 1
2023-01-17 18:44:49,796 - DEBUG: Updating prices for book ID 2...
2023-01-17 18:44:49,796 - DEBUG: Getting price for book ID 2 at book store ID 5 (URL https://www.bog-ide.dk/produkt/290020/michel-houellebecq-kortet-og-landskabet-haeftet/2467377)
2023-01-17 18:44:49,798 - DEBUG: Starting new HTTPS connection (1): www.bog-ide.dk:443
2023-01-17 18:44:49,852 - DEBUG: https://www.bog-ide.dk:443 "GET /produkt/290020/michel-houellebecq-kortet-og-landskabet-haeftet/2467377 HTTP/1.1" 200 None
2023-01-17 18:44:49,977 - DEBUG: Getting price for book ID 2 at book store ID 6 (URL https://shopping.coop.dk/vare/kortet-og-landskabet-haeftet-af-michel-houellebecq/9788763858007)
2023-01-17 18:44:49,979 - DEBUG: Starting new HTTPS connection (1): shopping.coop.dk:443
2023-01-17 18:44:50,326 - DEBUG: https://shopping.coop.dk:443 "GET /vare/kortet-og-landskabet-haeftet-af-michel-houellebecq/9788763858007 HTTP/1.1" 200 None
2023-01-17 18:44:50,472 - ERROR: Failed get updated price from https://shopping.coop.dk/vare/kortet-og-landskabet-haeftet-af-michel-houellebecq/9788763858007
2023-01-17 18:44:50,472 - ERROR: Exception: Price not found!
2023-01-17 18:44:50,472 - DEBUG: Got 1 prices for book ID 2
2023-01-17 18:44:50,472 - INFO: Inserting 2 prices to DB....
2023-01-17 18:44:50,494 - DEBUG: # _do_auth(): self._auth_plugin: 
2023-01-17 18:44:50,494 - DEBUG: new_auth_plugin: caching_sha2_password
2023-01-17 18:44:51,374 - INFO: Prices inserted!
2023-01-17 18:45:39,957 - INFO: Config loaded!
2023-01-17 18:45:39,958 - INFO: Reading books from DB...
2023-01-17 18:45:39,987 - DEBUG: # _do_auth(): self._auth_plugin: 
2023-01-17 18:45:39,988 - INFO: package: mysql.connector.plugins
2023-01-17 18:45:39,988 - INFO: plugin_name: caching_sha2_password
2023-01-17 18:45:39,989 - INFO: AUTHENTICATION_PLUGIN_CLASS: MySQLCachingSHA2PasswordAuthPlugin
2023-01-17 18:45:39,990 - DEBUG: new_auth_plugin: caching_sha2_password
2023-01-17 18:45:40,003 - DEBUG: 2 books read.
2023-01-17 18:45:40,004 - INFO: Reading book stores for books...
2023-01-17 18:45:40,025 - DEBUG: # _do_auth(): self._auth_plugin: 
2023-01-17 18:45:40,026 - DEBUG: new_auth_plugin: caching_sha2_password
2023-01-17 18:45:40,040 - DEBUG: Book stores read for 2 books.
2023-01-17 18:45:40,040 - INFO: Updating prices for books...
2023-01-17 18:45:40,040 - DEBUG: Updating prices for book ID 1...
2023-01-17 18:45:40,040 - DEBUG: Getting price for book ID 1 at book store ID 5 (URL https://www.bog-ide.dk/produkt/1912877/michel-houellebecq-underkastelse-haeftet/3054608)
2023-01-17 18:45:40,054 - DEBUG: Starting new HTTPS connection (1): www.bog-ide.dk:443
2023-01-17 18:45:40,112 - DEBUG: https://www.bog-ide.dk:443 "GET /produkt/1912877/michel-houellebecq-underkastelse-haeftet/3054608 HTTP/1.1" 200 None
2023-01-17 18:45:40,273 - DEBUG: Got 1 prices for book ID 1
2023-01-17 18:45:40,274 - DEBUG: Updating prices for book ID 2...
2023-01-17 18:45:40,274 - DEBUG: Getting price for book ID 2 at book store ID 5 (URL https://www.bog-ide.dk/produkt/290020/michel-houellebecq-kortet-og-landskabet-haeftet/2467377)
2023-01-17 18:45:40,277 - DEBUG: Starting new HTTPS connection (1): www.bog-ide.dk:443
2023-01-17 18:45:40,335 - DEBUG: https://www.bog-ide.dk:443 "GET /produkt/290020/michel-houellebecq-kortet-og-landskabet-haeftet/2467377 HTTP/1.1" 200 None
2023-01-17 18:45:40,450 - DEBUG: Getting price for book ID 2 at book store ID 6 (URL https://shopping.coop.dk/vare/kortet-og-landskabet-haeftet-af-michel-houellebecq/9788763858007)
2023-01-17 18:45:40,452 - DEBUG: Starting new HTTPS connection (1): shopping.coop.dk:443
2023-01-17 18:45:40,707 - DEBUG: https://shopping.coop.dk:443 "GET /vare/kortet-og-landskabet-haeftet-af-michel-houellebecq/9788763858007 HTTP/1.1" 200 None
2023-01-17 18:45:40,845 - ERROR: Failed get updated price from https://shopping.coop.dk/vare/kortet-og-landskabet-haeftet-af-michel-houellebecq/9788763858007
2023-01-17 18:45:40,846 - ERROR: Exception: Price not found!
2023-01-17 18:45:40,846 - DEBUG: Got 1 prices for book ID 2
2023-01-17 18:45:40,846 - INFO: Inserting 2 prices to DB....
2023-01-17 18:45:40,868 - DEBUG: # _do_auth(): self._auth_plugin: 
2023-01-17 18:45:40,868 - DEBUG: new_auth_plugin: caching_sha2_password
2023-01-17 18:45:41,229 - INFO: Prices inserted!
